0 info it worked if it ends with ok
1 verbose cli [ 'node', '/usr/local/bin/npm', 'install', 'express' ]
2 info using npm@2.7.4
3 info using node@v0.12.2
4 verbose install express is installed as 4.13.3
5 silly cache add args [ 'express', null ]
6 verbose cache add spec express
7 silly cache add parsed spec { raw: 'express',
7 silly cache add   scope: null,
7 silly cache add   name: 'express',
7 silly cache add   rawSpec: '',
7 silly cache add   spec: '*',
7 silly cache add   type: 'range' }
8 verbose addNamed express@*
9 silly addNamed semver.valid null
10 silly addNamed semver.validRange *
11 silly addNameRange { name: 'express', range: '*', hasData: false }
12 silly mapToRegistry name express
13 silly mapToRegistry using default registry
14 silly mapToRegistry registry https://registry.npmjs.org/
15 silly mapToRegistry uri https://registry.npmjs.org/express
16 verbose addNameRange registry:https://registry.npmjs.org/express not in flight; fetching
17 verbose request uri https://registry.npmjs.org/express
18 verbose request no auth needed
19 info attempt registry request try #1 at 8:51:59 PM
20 verbose request id aa5159ae2d9ae104
21 http request GET https://registry.npmjs.org/express
22 http 200 https://registry.npmjs.org/express
23 silly get cb [ 200,
23 silly get   { server: 'CouchDB/1.5.0 (Erlang OTP/R16B03)',
23 silly get     etag: '"42AXZWQQ7534IRIPSGY6O7NAM"',
23 silly get     'content-type': 'application/json',
23 silly get     'cache-control': 'max-age=60',
23 silly get     'content-length': '525717',
23 silly get     'accept-ranges': 'bytes',
23 silly get     date: 'Mon, 10 Aug 2015 03:50:30 GMT',
23 silly get     via: '1.1 varnish',
23 silly get     age: '51',
23 silly get     connection: 'keep-alive',
23 silly get     'x-served-by': 'cache-sjc3130-SJC',
23 silly get     'x-cache': 'HIT',
23 silly get     'x-cache-hits': '1',
23 silly get     'x-timer': 'S1439178630.238761,VS0,VE10',
23 silly get     vary: 'Accept' } ]
24 verbose get saving express to /Users/floreskrystal/.npm/registry.npmjs.org/express/.cache.json
25 silly addNameRange number 2 { name: 'express', range: '*', hasData: true }
26 silly addNameRange versions [ 'express',
26 silly addNameRange   [ '0.14.0',
26 silly addNameRange     '0.14.1',
26 silly addNameRange     '1.0.0',
26 silly addNameRange     '1.0.1',
26 silly addNameRange     '1.0.2',
26 silly addNameRange     '1.0.3',
26 silly addNameRange     '1.0.4',
26 silly addNameRange     '1.0.5',
26 silly addNameRange     '1.0.6',
26 silly addNameRange     '1.0.7',
26 silly addNameRange     '1.0.8',
26 silly addNameRange     '2.0.0',
26 silly addNameRange     '2.1.0',
26 silly addNameRange     '2.1.1',
26 silly addNameRange     '2.2.0',
26 silly addNameRange     '2.2.1',
26 silly addNameRange     '2.2.2',
26 silly addNameRange     '2.3.0',
26 silly addNameRange     '2.3.1',
26 silly addNameRange     '2.3.2',
26 silly addNameRange     '2.3.3',
26 silly addNameRange     '2.3.4',
26 silly addNameRange     '2.3.5',
26 silly addNameRange     '2.3.6',
26 silly addNameRange     '2.3.7',
26 silly addNameRange     '2.3.8',
26 silly addNameRange     '2.3.9',
26 silly addNameRange     '2.3.10',
26 silly addNameRange     '2.3.11',
26 silly addNameRange     '2.3.12',
26 silly addNameRange     '2.4.0',
26 silly addNameRange     '2.4.1',
26 silly addNameRange     '2.4.2',
26 silly addNameRange     '2.4.3',
26 silly addNameRange     '2.4.4',
26 silly addNameRange     '2.4.5',
26 silly addNameRange     '2.4.6',
26 silly addNameRange     '2.4.7',
26 silly addNameRange     '2.5.0',
26 silly addNameRange     '2.5.1',
26 silly addNameRange     '2.5.2',
26 silly addNameRange     '2.5.3',
26 silly addNameRange     '2.5.4',
26 silly addNameRange     '2.5.5',
26 silly addNameRange     '2.5.6',
26 silly addNameRange     '2.5.7',
26 silly addNameRange     '2.5.8',
26 silly addNameRange     '2.5.9',
26 silly addNameRange     '2.5.10',
26 silly addNameRange     '2.5.11',
26 silly addNameRange     '3.0.0',
26 silly addNameRange     '3.0.1',
26 silly addNameRange     '3.0.2',
26 silly addNameRange     '3.0.3',
26 silly addNameRange     '3.0.4',
26 silly addNameRange     '3.0.5',
26 silly addNameRange     '3.0.6',
26 silly addNameRange     '3.1.0',
26 silly addNameRange     '3.1.1',
26 silly addNameRange     '3.1.2',
26 silly addNameRange     '3.2.0',
26 silly addNameRange     '3.2.1',
26 silly addNameRange     '3.2.2',
26 silly addNameRange     '3.2.3',
26 silly addNameRange     '3.2.4',
26 silly addNameRange     '3.2.5',
26 silly addNameRange     '3.2.6',
26 silly addNameRange     '3.3.0',
26 silly addNameRange     '3.3.1',
26 silly addNameRange     '3.3.2',
26 silly addNameRange     '3.3.3',
26 silly addNameRange     '3.3.4',
26 silly addNameRange     '3.3.5',
26 silly addNameRange     '3.3.6',
26 silly addNameRange     '1.0.0-beta',
26 silly addNameRange     '1.0.0-beta2',
26 silly addNameRange     '1.0.0-rc',
26 silly addNameRange     '1.0.0-rc2',
26 silly addNameRange     '1.0.0-rc3',
26 silly addNameRange     '1.0.0-rc4',
26 silly addNameRange     '2.0.0-beta',
26 silly addNameRange     '2.0.0-beta2',
26 silly addNameRange     '2.0.0-beta3',
26 silly addNameRange     '2.0.0-rc',
26 silly addNameRange     '2.0.0-rc2',
26 silly addNameRange     '2.0.0-rc3',
26 silly addNameRange     '3.0.0-alpha1',
26 silly addNameRange     '3.0.0-alpha2',
26 silly addNameRange     '3.0.0-alpha3',
26 silly addNameRange     '3.0.0-alpha4',
26 silly addNameRange     '3.0.0-alpha5',
26 silly addNameRange     '3.0.0-beta1',
26 silly addNameRange     '3.0.0-beta2',
26 silly addNameRange     '3.0.0-beta3',
26 silly addNameRange     '3.0.0-beta4',
26 silly addNameRange     '3.0.0-beta6',
26 silly addNameRange     '3.0.0-beta7',
26 silly addNameRange     '3.0.0-rc1',
26 silly addNameRange     '3.0.0-rc2',
26 silly addNameRange     '3.0.0-rc3',
26 silly addNameRange     '3.0.0-rc4',
26 silly addNameRange     '3.0.0-rc5',
26 silly addNameRange     '3.3.7',
26 silly addNameRange     '3.3.8',
26 silly addNameRange     '3.4.0',
26 silly addNameRange     '3.4.1',
26 silly addNameRange     '3.4.2',
26 silly addNameRange     '3.4.3',
26 silly addNameRange     '3.4.4',
26 silly addNameRange     '3.4.5',
26 silly addNameRange     '3.4.6',
26 silly addNameRange     '3.4.7',
26 silly addNameRange     '3.4.8',
26 silly addNameRange     '4.0.0-rc1',
26 silly addNameRange     '4.0.0-rc2',
26 silly addNameRange     '3.5.0',
26 silly addNameRange     '4.0.0-rc3',
26 silly addNameRange     '4.0.0-rc4',
26 silly addNameRange     '3.5.1',
26 silly addNameRange     '4.0.0',
26 silly addNameRange     '3.5.2',
26 silly addNameRange     '4.1.0',
26 silly addNameRange     '4.1.1',
26 silly addNameRange     '3.5.3',
26 silly addNameRange     '4.1.2',
26 silly addNameRange     '3.6.0',
26 silly addNameRange     '4.2.0',
26 silly addNameRange     '3.7.0',
26 silly addNameRange     '3.8.0',
26 silly addNameRange     '4.3.0',
26 silly addNameRange     '4.3.1',
26 silly addNameRange     '3.8.1',
26 silly addNameRange     '4.3.2',
26 silly addNameRange     '3.9.0',
26 silly addNameRange     '4.4.0',
26 silly addNameRange     '4.4.1',
26 silly addNameRange     '3.10.0',
26 silly addNameRange     '3.10.1',
26 silly addNameRange     '3.10.2',
26 silly addNameRange     '3.10.3',
26 silly addNameRange     '3.10.4',
26 silly addNameRange     '4.4.2',
26 silly addNameRange     '3.10.5',
26 silly addNameRange     '4.4.3',
26 silly addNameRange     '3.11.0',
26 silly addNameRange     '4.4.4',
26 silly addNameRange     '3.12.0',
26 silly addNameRange     '3.12.1',
26 silly addNameRange     '4.4.5',
26 silly addNameRange     '3.13.0',
26 silly addNameRange     '4.5.0',
26 silly addNameRange     '4.5.1',
26 silly addNameRange     '3.14.0',
26 silly addNameRange     '4.6.0',
26 silly addNameRange     '4.6.1',
26 silly addNameRange     '3.15.0',
26 silly addNameRange     '4.7.0',
26 silly addNameRange     '3.15.1',
26 silly addNameRange     '4.7.1',
26 silly addNameRange     '3.15.2',
26 silly addNameRange     '4.7.2',
26 silly addNameRange     '4.7.3',
26 silly addNameRange     '3.15.3',
26 silly addNameRange     '4.7.4',
26 silly addNameRange     '3.16.0',
26 silly addNameRange     '4.8.0',
26 silly addNameRange     '3.16.1',
26 silly addNameRange     '4.8.1',
26 silly addNameRange     '3.16.2',
26 silly addNameRange     '4.8.2',
26 silly addNameRange     '3.16.3',
26 silly addNameRange     '3.16.4',
26 silly addNameRange     '4.8.3',
26 silly addNameRange     '3.16.5',
26 silly addNameRange     '3.16.6',
26 silly addNameRange     '4.8.4',
26 silly addNameRange     '3.16.7',
26 silly addNameRange     '4.8.5',
26 silly addNameRange     '3.16.8',
26 silly addNameRange     '4.8.6',
26 silly addNameRange     '3.16.9',
26 silly addNameRange     '4.8.7',
26 silly addNameRange     '3.16.10',
26 silly addNameRange     '4.8.8',
26 silly addNameRange     '3.17.0',
26 silly addNameRange     '3.17.1',
26 silly addNameRange     '4.9.0',
26 silly addNameRange     '3.17.2',
26 silly addNameRange     '4.9.1',
26 silly addNameRange     '4.9.2',
26 silly addNameRange     '3.17.3',
26 silly addNameRange     '4.9.3',
26 silly addNameRange     '3.17.4',
26 silly addNameRange     '4.9.4',
26 silly addNameRange     '3.17.5',
26 silly addNameRange     '4.9.5',
26 silly addNameRange     '3.17.6',
26 silly addNameRange     '3.17.7',
26 silly addNameRange     '4.9.6',
26 silly addNameRange     '4.9.7',
26 silly addNameRange     '3.17.8',
26 silly addNameRange     '4.9.8',
26 silly addNameRange     '3.18.0',
26 silly addNameRange     '3.18.1',
26 silly addNameRange     '4.10.0',
26 silly addNameRange     '3.18.2',
26 silly addNameRange     '4.10.1',
26 silly addNameRange     '5.0.0-alpha.1',
26 silly addNameRange     '3.18.3',
26 silly addNameRange     '4.10.2',
26 silly addNameRange     '3.18.4',
26 silly addNameRange     '4.10.3',
26 silly addNameRange     '4.10.4',
26 silly addNameRange     '4.10.5',
26 silly addNameRange     '3.18.5',
26 silly addNameRange     '3.18.6',
26 silly addNameRange     '4.10.6',
26 silly addNameRange     '4.10.7',
26 silly addNameRange     '3.19.0',
26 silly addNameRange     '4.10.8',
26 silly addNameRange     '4.11.0',
26 silly addNameRange     '3.19.1',
26 silly addNameRange     '4.11.1',
26 silly addNameRange     '3.19.2',
26 silly addNameRange     '4.11.2',
26 silly addNameRange     '3.20.0',
26 silly addNameRange     '4.12.0',
26 silly addNameRange     '3.20.1',
26 silly addNameRange     '4.12.1',
26 silly addNameRange     '4.12.2',
26 silly addNameRange     '3.20.2',
26 silly addNameRange     '4.12.3',
26 silly addNameRange     '3.20.3',
26 silly addNameRange     '4.12.4',
26 silly addNameRange     '3.21.0',
26 silly addNameRange     '4.13.0',
26 silly addNameRange     '3.21.1',
26 silly addNameRange     '4.13.1',
26 silly addNameRange     '5.0.0-alpha.2',
26 silly addNameRange     '3.21.2',
26 silly addNameRange     '4.13.2',
26 silly addNameRange     '4.13.3' ] ]
27 verbose addNamed express@4.13.3
28 silly addNamed semver.valid 4.13.3
29 silly addNamed semver.validRange 4.13.3
30 silly mapToRegistry name express
31 silly mapToRegistry using default registry
32 silly mapToRegistry registry https://registry.npmjs.org/
33 silly mapToRegistry uri https://registry.npmjs.org/express
34 verbose addRemoteTarball https://registry.npmjs.org/express/-/express-4.13.3.tgz not in flight; adding
35 verbose addRemoteTarball [ 'https://registry.npmjs.org/express/-/express-4.13.3.tgz',
35 verbose addRemoteTarball   'ddb2f1fb4502bf33598d2b032b037960ca6c80a3' ]
36 info retry fetch attempt 1 at 8:52:00 PM
37 info attempt registry request try #1 at 8:52:00 PM
38 http fetch GET https://registry.npmjs.org/express/-/express-4.13.3.tgz
39 http fetch 200 https://registry.npmjs.org/express/-/express-4.13.3.tgz
40 silly fetchAndShaCheck shasum ddb2f1fb4502bf33598d2b032b037960ca6c80a3
41 verbose addTmpTarball /var/folders/vp/gq81czws4271qy4wmlnxc2vr0000gn/T/npm-25637-d4d1036d/registry.npmjs.org/express/-/express-4.13.3.tgz not in flight; adding
42 verbose addTmpTarball already have metadata; skipping unpack for express@4.13.3
43 silly cache afterAdd express@4.13.3
44 verbose afterAdd /Users/floreskrystal/.npm/express/4.13.3/package/package.json not in flight; writing
45 verbose afterAdd /Users/floreskrystal/.npm/express/4.13.3/package/package.json written
46 silly install resolved [ { name: 'express',
46 silly install resolved     description: 'Fast, unopinionated, minimalist web framework',
46 silly install resolved     version: '4.13.3',
46 silly install resolved     author: { name: 'TJ Holowaychuk', email: 'tj@vision-media.ca' },
46 silly install resolved     contributors:
46 silly install resolved      [ [Object],
46 silly install resolved        [Object],
46 silly install resolved        [Object],
46 silly install resolved        [Object],
46 silly install resolved        [Object],
46 silly install resolved        [Object],
46 silly install resolved        [Object] ],
46 silly install resolved     license: 'MIT',
46 silly install resolved     repository: { type: 'git', url: 'https://github.com/strongloop/express' },
46 silly install resolved     homepage: 'http://expressjs.com/',
46 silly install resolved     keywords:
46 silly install resolved      [ 'express',
46 silly install resolved        'framework',
46 silly install resolved        'sinatra',
46 silly install resolved        'web',
46 silly install resolved        'rest',
46 silly install resolved        'restful',
46 silly install resolved        'router',
46 silly install resolved        'app',
46 silly install resolved        'api' ],
46 silly install resolved     dependencies:
46 silly install resolved      { accepts: '~1.2.12',
46 silly install resolved        'array-flatten': '1.1.1',
46 silly install resolved        'content-disposition': '0.5.0',
46 silly install resolved        'content-type': '~1.0.1',
46 silly install resolved        cookie: '0.1.3',
46 silly install resolved        'cookie-signature': '1.0.6',
46 silly install resolved        debug: '~2.2.0',
46 silly install resolved        depd: '~1.0.1',
46 silly install resolved        'escape-html': '1.0.2',
46 silly install resolved        etag: '~1.7.0',
46 silly install resolved        finalhandler: '0.4.0',
46 silly install resolved        fresh: '0.3.0',
46 silly install resolved        'merge-descriptors': '1.0.0',
46 silly install resolved        methods: '~1.1.1',
46 silly install resolved        'on-finished': '~2.3.0',
46 silly install resolved        parseurl: '~1.3.0',
46 silly install resolved        'path-to-regexp': '0.1.7',
46 silly install resolved        'proxy-addr': '~1.0.8',
46 silly install resolved        qs: '4.0.0',
46 silly install resolved        'range-parser': '~1.0.2',
46 silly install resolved        send: '0.13.0',
46 silly install resolved        'serve-static': '~1.10.0',
46 silly install resolved        'type-is': '~1.6.6',
46 silly install resolved        'utils-merge': '1.0.0',
46 silly install resolved        vary: '~1.0.1' },
46 silly install resolved     devDependencies:
46 silly install resolved      { after: '0.8.1',
46 silly install resolved        ejs: '2.3.3',
46 silly install resolved        istanbul: '0.3.17',
46 silly install resolved        marked: '0.3.5',
46 silly install resolved        mocha: '2.2.5',
46 silly install resolved        should: '7.0.2',
46 silly install resolved        supertest: '1.0.1',
46 silly install resolved        'body-parser': '~1.13.3',
46 silly install resolved        'connect-redis': '~2.4.1',
46 silly install resolved        'cookie-parser': '~1.3.5',
46 silly install resolved        'cookie-session': '~1.2.0',
46 silly install resolved        'express-session': '~1.11.3',
46 silly install resolved        jade: '~1.11.0',
46 silly install resolved        'method-override': '~2.3.5',
46 silly install resolved        morgan: '~1.6.1',
46 silly install resolved        multiparty: '~4.1.2',
46 silly install resolved        vhost: '~3.0.1' },
46 silly install resolved     engines: { node: '>= 0.10.0' },
46 silly install resolved     files: [ 'LICENSE', 'History.md', 'Readme.md', 'index.js', 'lib/' ],
46 silly install resolved     scripts:
46 silly install resolved      { test: 'mocha --require test/support/env --reporter spec --bail --check-leaks test/ test/acceptance/',
46 silly install resolved        'test-ci': 'istanbul cover node_modules/mocha/bin/_mocha --report lcovonly -- --require test/support/env --reporter spec --check-leaks test/ test/acceptance/',
46 silly install resolved        'test-cov': 'istanbul cover node_modules/mocha/bin/_mocha -- --require test/support/env --reporter dot --check-leaks test/ test/acceptance/',
46 silly install resolved        'test-tap': 'mocha --require test/support/env --reporter tap --check-leaks test/ test/acceptance/' },
46 silly install resolved     gitHead: 'ef7ad681b245fba023843ce94f6bcb8e275bbb8e',
46 silly install resolved     bugs: { url: 'https://github.com/strongloop/express/issues' },
46 silly install resolved     _id: 'express@4.13.3',
46 silly install resolved     _shasum: 'ddb2f1fb4502bf33598d2b032b037960ca6c80a3',
46 silly install resolved     _from: 'express@*',
46 silly install resolved     _npmVersion: '1.4.28',
46 silly install resolved     _npmUser: { name: 'dougwilson', email: 'doug@somethingdoug.com' },
46 silly install resolved     maintainers:
46 silly install resolved      [ [Object],
46 silly install resolved        [Object],
46 silly install resolved        [Object],
46 silly install resolved        [Object],
46 silly install resolved        [Object],
46 silly install resolved        [Object],
46 silly install resolved        [Object] ],
46 silly install resolved     dist:
46 silly install resolved      { shasum: 'ddb2f1fb4502bf33598d2b032b037960ca6c80a3',
46 silly install resolved        tarball: 'http://registry.npmjs.org/express/-/express-4.13.3.tgz' },
46 silly install resolved     directories: {},
46 silly install resolved     _resolved: 'https://registry.npmjs.org/express/-/express-4.13.3.tgz' } ]
47 info install express@4.13.3 into /Users/floreskrystal/dev/EventFinderApp
48 info installOne express@4.13.3
49 verbose installOne of express to /Users/floreskrystal/dev/EventFinderApp not in flight; installing
50 warn locking Error: EACCES, open '/Users/floreskrystal/.npm/_locks/express-78724ae82167b67e.lock'
50 warn locking     at Error (native)
50 warn locking  /Users/floreskrystal/.npm/_locks/express-78724ae82167b67e.lock failed { [Error: EACCES, open '/Users/floreskrystal/.npm/_locks/express-78724ae82167b67e.lock']
50 warn locking   errno: -13,
50 warn locking   code: 'EACCES',
50 warn locking   path: '/Users/floreskrystal/.npm/_locks/express-78724ae82167b67e.lock' }
51 verbose stack Error: Attempt to unlock /Users/floreskrystal/dev/EventFinderApp/node_modules/express, which hasn't been locked
51 verbose stack     at unlock (/usr/local/lib/node_modules/npm/lib/utils/locker.js:66:11)
51 verbose stack     at cb (/usr/local/lib/node_modules/npm/lib/install.js:1004:5)
51 verbose stack     at /usr/local/lib/node_modules/npm/lib/install.js:1008:20
51 verbose stack     at /usr/local/lib/node_modules/npm/lib/utils/locker.js:40:9
51 verbose stack     at cb (/usr/local/lib/node_modules/npm/node_modules/lockfile/lockfile.js:149:38)
51 verbose stack     at /usr/local/lib/node_modules/npm/node_modules/lockfile/lockfile.js:177:38
51 verbose stack     at FSReqWrap.oncomplete (fs.js:95:15)
52 verbose cwd /Users/floreskrystal/dev/EventFinderApp
53 error Darwin 14.1.0
54 error argv "node" "/usr/local/bin/npm" "install" "express"
55 error node v0.12.2
56 error npm  v2.7.4
57 error Attempt to unlock /Users/floreskrystal/dev/EventFinderApp/node_modules/express, which hasn't been locked
58 error If you need help, you may report this error at:
58 error     <https://github.com/npm/npm/issues>
59 verbose exit [ 1, true ]
